<?xml version="1.0" encoding="UTF-8"?>
<!-- Generated by org.testng.reporters.JUnitReportReporter -->
<testsuite skipped="0" hostname="DESKTOP-D3J8HKS" name="org.pojo.Ques1" tests="2" failures="0" timestamp="12 Jul 2023 10:41:24 GMT" time="18.053" errors="0">
  <testcase name="tc1" time="15.419" classname="org.pojo.Ques1"/>
  <testcase name="tc2" time="2.634" classname="org.pojo.Ques1"/>
</testsuite> <!-- org.pojo.Ques1 -->
