<?xml version="1.0" encoding="UTF-8"?>
<!-- Generated by org.testng.reporters.JUnitReportReporter -->
<testsuite skipped="0" hostname="DESKTOP-D3J8HKS" name="org.launchfb.Groups" tests="2" failures="0" timestamp="23 Jun 2023 11:19:38 GMT" time="0.011" errors="0">
  <testcase name="atest1" time="0.010" classname="org.launchfb.Groups"/>
  <testcase name="atest4" time="0.001" classname="org.launchfb.Groups"/>
</testsuite> <!-- org.launchfb.Groups -->
