<?xml version="1.0" encoding="UTF-8"?>
<!-- Generated by org.testng.reporters.JUnitReportReporter -->
<testsuite skipped="0" hostname="DESKTOP-D3J8HKS" name="org.launchfb.LoginTest" tests="1" failures="0" timestamp="23 Jun 2023 11:19:38 GMT" time="0.004" errors="0">
  <testcase name="bTest1" time="0.004" classname="org.launchfb.LoginTest"/>
</testsuite> <!-- org.launchfb.LoginTest -->
